[ 2014-07-04T09:45:14+08:00 ] ::1 /Fanheo/
INFO: [ app_init ] --START--
INFO: Run Behavior\BuildLiteBehavior [ RunTime:0.000000s ]
INFO: [ app_init ] --END-- [ RunTime:0.034002s ]
INFO: [ app_begin ] --START--
INFO: Run Behavior\ReadHtmlCacheBehavior [ RunTime:0.001000s ]
INFO: [ app_begin ] --END-- [ RunTime:0.001000s ]
INFO: [ view_parse ] --START--
INFO: [ template_filter ] --START--
INFO: Run Behavior\ContentReplaceBehavior [ RunTime:0.000000s ]
INFO: [ template_filter ] --END-- [ RunTime:0.000000s ]
INFO: Run Behavior\ParseTemplateBehavior [ RunTime:0.088005s ]
INFO: [ view_parse ] --END-- [ RunTime:0.088005s ]
INFO: [ view_filter ] --START--
INFO: Run Behavior\WriteHtmlCacheBehavior [ RunTime:0.000000s ]
INFO: [ view_filter ] --END-- [ RunTime:0.001000s ]
INFO: [ app_end ] --START--
INFO: Run Behavior\ShowPageTraceBehavior [ RunTime:0.001000s ]
INFO: [ app_end ] --END-- [ RunTime:0.001000s ]

[ 2014-07-04T09:45:14+08:00 ] ::1 /Fanheo/index.php/Home/Login/verify.html
INFO: [ app_init ] --START--
INFO: Run Behavior\BuildLiteBehavior [ RunTime:0.000000s ]
INFO: [ app_init ] --END-- [ RunTime:0.000000s ]
INFO: [ app_begin ] --START--
INFO: Run Behavior\ReadHtmlCacheBehavior [ RunTime:0.001000s ]
INFO: [ app_begin ] --END-- [ RunTime:0.001000s ]
INFO: [ app_end ] --START--
INFO: Run Behavior\ShowPageTraceBehavior [ RunTime:0.001000s ]
INFO: [ app_end ] --END-- [ RunTime:0.001000s ]

[ 2014-07-04T09:45:33+08:00 ] ::1 /Fanheo/
INFO: [ app_init ] --START--
INFO: Run Behavior\BuildLiteBehavior [ RunTime:0.000000s ]
INFO: [ app_init ] --END-- [ RunTime:0.000000s ]
INFO: [ app_begin ] --START--
INFO: Run Behavior\ReadHtmlCacheBehavior [ RunTime:0.000000s ]
INFO: [ app_begin ] --END-- [ RunTime:0.000000s ]
INFO: [ view_parse ] --START--
INFO: [ template_filter ] --START--
INFO: Run Behavior\ContentReplaceBehavior [ RunTime:0.000000s ]
INFO: [ template_filter ] --END-- [ RunTime:0.000000s ]
INFO: Run Behavior\ParseTemplateBehavior [ RunTime:0.013001s ]
INFO: [ view_parse ] --END-- [ RunTime:0.013001s ]
INFO: [ view_filter ] --START--
INFO: Run Behavior\WriteHtmlCacheBehavior [ RunTime:0.000000s ]
INFO: [ view_filter ] --END-- [ RunTime:0.000000s ]
INFO: [ app_end ] --START--
INFO: Run Behavior\ShowPageTraceBehavior [ RunTime:0.001000s ]
INFO: [ app_end ] --END-- [ RunTime:0.001000s ]

[ 2014-07-04T09:45:33+08:00 ] ::1 /Fanheo/index.php/Home/Login/verify.html
INFO: [ app_init ] --START--
INFO: Run Behavior\BuildLiteBehavior [ RunTime:0.000000s ]
INFO: [ app_init ] --END-- [ RunTime:0.001000s ]
INFO: [ app_begin ] --START--
INFO: Run Behavior\ReadHtmlCacheBehavior [ RunTime:0.001000s ]
INFO: [ app_begin ] --END-- [ RunTime:0.001000s ]
INFO: [ app_end ] --START--
INFO: Run Behavior\ShowPageTraceBehavior [ RunTime:0.000000s ]
INFO: [ app_end ] --END-- [ RunTime:0.000000s ]

[ 2014-07-04T09:45:34+08:00 ] ::1 /Fanheo/
INFO: [ app_init ] --START--
INFO: Run Behavior\BuildLiteBehavior [ RunTime:0.000000s ]
INFO: [ app_init ] --END-- [ RunTime:0.001000s ]
INFO: [ app_begin ] --START--
INFO: Run Behavior\ReadHtmlCacheBehavior [ RunTime:0.001001s ]
INFO: [ app_begin ] --END-- [ RunTime:0.002001s ]
INFO: [ view_parse ] --START--
INFO: [ template_filter ] --START--
INFO: Run Behavior\ContentReplaceBehavior [ RunTime:0.000000s ]
INFO: [ template_filter ] --END-- [ RunTime:0.000000s ]
INFO: Run Behavior\ParseTemplateBehavior [ RunTime:0.014000s ]
INFO: [ view_parse ] --END-- [ RunTime:0.014000s ]
INFO: [ view_filter ] --START--
INFO: Run Behavior\WriteHtmlCacheBehavior [ RunTime:0.000000s ]
INFO: [ view_filter ] --END-- [ RunTime:0.000000s ]
INFO: [ app_end ] --START--
INFO: Run Behavior\ShowPageTraceBehavior [ RunTime:0.000000s ]
INFO: [ app_end ] --END-- [ RunTime:0.000000s ]

[ 2014-07-04T09:45:34+08:00 ] ::1 /Fanheo/index.php/Home/Login/verify.html
INFO: [ app_init ] --START--
INFO: Run Behavior\BuildLiteBehavior [ RunTime:0.000000s ]
INFO: [ app_init ] --END-- [ RunTime:0.000000s ]
INFO: [ app_begin ] --START--
INFO: Run Behavior\ReadHtmlCacheBehavior [ RunTime:0.000000s ]
INFO: [ app_begin ] --END-- [ RunTime:0.000000s ]
INFO: [ app_end ] --START--
INFO: Run Behavior\ShowPageTraceBehavior [ RunTime:0.001000s ]
INFO: [ app_end ] --END-- [ RunTime:0.001000s ]

[ 2014-07-04T09:46:09+08:00 ] ::1 /Fanheo/index.php/Home/Login/Login
INFO: [ app_init ] --START--
INFO: Run Behavior\BuildLiteBehavior [ RunTime:0.000000s ]
INFO: [ app_init ] --END-- [ RunTime:0.001000s ]
INFO: [ app_begin ] --START--
INFO: Run Behavior\ReadHtmlCacheBehavior [ RunTime:0.001000s ]
INFO: [ app_begin ] --END-- [ RunTime:0.001000s ]
SQL: SHOW COLUMNS FROM `fanheo_user` [ RunTime:0.038002s ]
SQL: SELECT * FROM `fanheo_user` WHERE ( `username` = 'guodong' ) LIMIT 1   [ RunTime:0.002000s ]
SQL: SHOW COLUMNS FROM `fanheo_member` [ RunTime:0.017001s ]
SQL: SELECT * FROM `fanheo_member` WHERE ( `user_id` = 6 ) LIMIT 1   [ RunTime:0.011001s ]
INFO: [ view_parse ] --START--
INFO: [ template_filter ] --START--
INFO: Run Behavior\ContentReplaceBehavior [ RunTime:0.000000s ]
INFO: [ template_filter ] --END-- [ RunTime:0.000000s ]
INFO: Run Behavior\ParseTemplateBehavior [ RunTime:0.023001s ]
INFO: [ view_parse ] --END-- [ RunTime:0.024001s ]
INFO: [ view_filter ] --START--
INFO: Run Behavior\WriteHtmlCacheBehavior [ RunTime:0.000000s ]
INFO: [ view_filter ] --END-- [ RunTime:0.000000s ]

[ 2014-07-04T09:47:08+08:00 ] ::1 /Fanheo/index.php/Home/Login/Login
INFO: [ app_init ] --START--
INFO: Run Behavior\BuildLiteBehavior [ RunTime:0.000000s ]
INFO: [ app_init ] --END-- [ RunTime:0.000000s ]
INFO: [ app_begin ] --START--
INFO: Run Behavior\ReadHtmlCacheBehavior [ RunTime:0.001000s ]
INFO: [ app_begin ] --END-- [ RunTime:0.001000s ]
INFO: [ view_parse ] --START--
INFO: [ template_filter ] --START--
INFO: Run Behavior\ContentReplaceBehavior [ RunTime:0.000000s ]
INFO: [ template_filter ] --END-- [ RunTime:0.000000s ]
INFO: Run Behavior\ParseTemplateBehavior [ RunTime:0.007000s ]
INFO: [ view_parse ] --END-- [ RunTime:0.007000s ]
INFO: [ view_filter ] --START--
INFO: Run Behavior\WriteHtmlCacheBehavior [ RunTime:0.001000s ]
INFO: [ view_filter ] --END-- [ RunTime:0.001000s ]

[ 2014-07-04T09:47:20+08:00 ] ::1 /Fanheo/
INFO: [ app_init ] --START--
INFO: Run Behavior\BuildLiteBehavior [ RunTime:0.000000s ]
INFO: [ app_init ] --END-- [ RunTime:0.000000s ]
INFO: [ app_begin ] --START--
INFO: Run Behavior\ReadHtmlCacheBehavior [ RunTime:0.001000s ]
INFO: [ app_begin ] --END-- [ RunTime:0.001000s ]
INFO: [ view_parse ] --START--
INFO: [ template_filter ] --START--
INFO: Run Behavior\ContentReplaceBehavior [ RunTime:0.000000s ]
INFO: [ template_filter ] --END-- [ RunTime:0.000000s ]
INFO: Run Behavior\ParseTemplateBehavior [ RunTime:0.010000s ]
INFO: [ view_parse ] --END-- [ RunTime:0.010000s ]
INFO: [ view_filter ] --START--
INFO: Run Behavior\WriteHtmlCacheBehavior [ RunTime:0.000000s ]
INFO: [ view_filter ] --END-- [ RunTime:0.000000s ]
INFO: [ app_end ] --START--
INFO: Run Behavior\ShowPageTraceBehavior [ RunTime:0.000000s ]
INFO: [ app_end ] --END-- [ RunTime:0.000000s ]

[ 2014-07-04T09:47:20+08:00 ] ::1 /Fanheo/index.php/Home/Login/verify.html
INFO: [ app_init ] --START--
INFO: Run Behavior\BuildLiteBehavior [ RunTime:0.000000s ]
INFO: [ app_init ] --END-- [ RunTime:0.000000s ]
INFO: [ app_begin ] --START--
INFO: Run Behavior\ReadHtmlCacheBehavior [ RunTime:0.001000s ]
INFO: [ app_begin ] --END-- [ RunTime:0.001000s ]
INFO: [ app_end ] --START--
INFO: Run Behavior\ShowPageTraceBehavior [ RunTime:0.001000s ]
INFO: [ app_end ] --END-- [ RunTime:0.001000s ]

[ 2014-07-04T09:47:34+08:00 ] ::1 /Fanheo/index.php/Home/Login/Login
INFO: [ app_init ] --START--
INFO: Run Behavior\BuildLiteBehavior [ RunTime:0.000000s ]
INFO: [ app_init ] --END-- [ RunTime:0.001000s ]
INFO: [ app_begin ] --START--
INFO: Run Behavior\ReadHtmlCacheBehavior [ RunTime:0.001000s ]
INFO: [ app_begin ] --END-- [ RunTime:0.001000s ]
SQL: SHOW COLUMNS FROM `fanheo_user` [ RunTime:0.002000s ]
SQL: SELECT * FROM `fanheo_user` WHERE ( `username` = 'guodong' ) LIMIT 1   [ RunTime:0.000000s ]
SQL: SHOW COLUMNS FROM `fanheo_member` [ RunTime:0.002000s ]
SQL: SELECT * FROM `fanheo_member` WHERE ( `user_id` = 6 ) LIMIT 1   [ RunTime:0.000000s ]
SQL: UPDATE `fanheo_member` SET `last_login`='2014-07-04 09:47:34',`last_ip`='0.0.0.0' WHERE ( `user_id` = 6 ) [ RunTime:0.001000s ]
NOTIC: [8] Undefined index: last_time D:\www\FanHeo\Application\Home\Controller\LoginController.class.php 第 74 行.
INFO: [ view_parse ] --START--
INFO: [ template_filter ] --START--
INFO: Run Behavior\ContentReplaceBehavior [ RunTime:0.000000s ]
INFO: [ template_filter ] --END-- [ RunTime:0.000000s ]
INFO: Run Behavior\ParseTemplateBehavior [ RunTime:0.008001s ]
INFO: [ view_parse ] --END-- [ RunTime:0.008001s ]
INFO: [ view_filter ] --START--
INFO: Run Behavior\WriteHtmlCacheBehavior [ RunTime:0.000000s ]
INFO: [ view_filter ] --END-- [ RunTime:0.000000s ]
INFO: [ app_end ] --START--
INFO: Run Behavior\ShowPageTraceBehavior [ RunTime:0.001000s ]
INFO: [ app_end ] --END-- [ RunTime:0.001000s ]

[ 2014-07-04T09:47:39+08:00 ] ::1 /FanHeo/index.php/Home/UCenter/index
INFO: [ app_init ] --START--
INFO: Run Behavior\BuildLiteBehavior [ RunTime:0.000000s ]
INFO: [ app_init ] --END-- [ RunTime:0.001000s ]
INFO: [ app_begin ] --START--
INFO: Run Behavior\ReadHtmlCacheBehavior [ RunTime:0.001000s ]
INFO: [ app_begin ] --END-- [ RunTime:0.001000s ]
INFO: [ view_parse ] --START--
INFO: [ template_filter ] --START--
INFO: Run Behavior\ContentReplaceBehavior [ RunTime:0.000000s ]
INFO: [ template_filter ] --END-- [ RunTime:0.000000s ]
INFO: Run Behavior\ParseTemplateBehavior [ RunTime:0.067004s ]
INFO: [ view_parse ] --END-- [ RunTime:0.067004s ]
INFO: [ view_filter ] --START--
INFO: Run Behavior\WriteHtmlCacheBehavior [ RunTime:0.000000s ]
INFO: [ view_filter ] --END-- [ RunTime:0.000000s ]
INFO: [ app_end ] --START--
INFO: Run Behavior\ShowPageTraceBehavior [ RunTime:0.001000s ]
INFO: [ app_end ] --END-- [ RunTime:0.001000s ]

[ 2014-07-04T09:47:42+08:00 ] ::1 /FanHeo/index.php/Home/UCenter/talks.html
INFO: [ app_init ] --START--
INFO: Run Behavior\BuildLiteBehavior [ RunTime:0.000000s ]
INFO: [ app_init ] --END-- [ RunTime:0.001000s ]
INFO: [ app_begin ] --START--
INFO: Run Behavior\ReadHtmlCacheBehavior [ RunTime:0.001000s ]
INFO: [ app_begin ] --END-- [ RunTime:0.001000s ]
SQL: SHOW COLUMNS FROM `fanheo_talk` [ RunTime:0.040002s ]
SQL: SELECT * FROM `fanheo_talk` ORDER BY id desc  [ RunTime:0.000000s ]
SQL: SHOW COLUMNS FROM `fanheo_user` [ RunTime:0.002000s ]
SQL: SELECT * FROM `fanheo_user` WHERE ( 1=1 AND id='5' ) LIMIT 1   [ RunTime:0.000000s ]
SQL: SELECT * FROM `fanheo_user` WHERE ( 1=1 AND id='5' ) LIMIT 1   [ RunTime:0.000000s ]
SQL: SELECT * FROM `fanheo_user` WHERE ( 1=1 AND id='8' ) LIMIT 1   [ RunTime:0.000000s ]
SQL: SELECT * FROM `fanheo_user` WHERE ( 1=1 AND id='8' ) LIMIT 1   [ RunTime:0.000000s ]
SQL: SELECT * FROM `fanheo_user` WHERE ( 1=1 AND id='8' ) LIMIT 1   [ RunTime:0.001000s ]
SQL: SELECT * FROM `fanheo_user` WHERE ( 1=1 AND id='2' ) LIMIT 1   [ RunTime:0.000000s ]
SQL: SELECT * FROM `fanheo_user` WHERE ( 1=1 AND id='2' ) LIMIT 1   [ RunTime:0.001000s ]
SQL: SELECT * FROM `fanheo_user` WHERE ( 1=1 AND id='2' ) LIMIT 1   [ RunTime:0.000000s ]
SQL: SELECT * FROM `fanheo_user` WHERE ( 1=1 AND id='2' ) LIMIT 1   [ RunTime:0.001000s ]
SQL: SELECT * FROM `fanheo_user` WHERE ( 1=1 AND id='2' ) LIMIT 1   [ RunTime:0.001000s ]
SQL: SELECT * FROM `fanheo_user` WHERE ( 1=1 AND id='6' ) LIMIT 1   [ RunTime:0.000000s ]
SQL: SELECT * FROM `fanheo_user` WHERE ( 1=1 AND id='6' ) LIMIT 1   [ RunTime:0.000000s ]
SQL: SELECT * FROM `fanheo_user` WHERE ( 1=1 AND id='6' ) LIMIT 1   [ RunTime:0.001000s ]
SQL: SELECT * FROM `fanheo_user` WHERE ( 1=1 AND id='6' ) LIMIT 1   [ RunTime:0.000000s ]
SQL: SELECT * FROM `fanheo_user` WHERE ( 1=1 AND id='6' ) LIMIT 1   [ RunTime:0.000000s ]
SQL: SELECT * FROM `fanheo_user` WHERE ( 1=1 AND id='6' ) LIMIT 1   [ RunTime:0.001000s ]
SQL: SELECT * FROM `fanheo_user` WHERE ( 1=1 AND id='6' ) LIMIT 1   [ RunTime:0.000000s ]
SQL: SELECT * FROM `fanheo_user` WHERE ( 1=1 AND id='6' ) LIMIT 1   [ RunTime:0.001000s ]
SQL: SELECT * FROM `fanheo_user` WHERE ( 1=1 AND id='6' ) LIMIT 1   [ RunTime:0.001000s ]
SQL: SELECT * FROM `fanheo_user` WHERE ( 1=1 AND id='6' ) LIMIT 1   [ RunTime:0.000000s ]
SQL: SELECT * FROM `fanheo_user` WHERE ( 1=1 AND id='6' ) LIMIT 1   [ RunTime:0.002000s ]
SQL: SELECT * FROM `fanheo_user` WHERE ( 1=1 AND id='6' ) LIMIT 1   [ RunTime:0.000000s ]
SQL: SELECT * FROM `fanheo_user` WHERE ( 1=1 AND id='6' ) LIMIT 1   [ RunTime:0.001000s ]
SQL: SELECT * FROM `fanheo_user` WHERE ( 1=1 AND id='6' ) LIMIT 1   [ RunTime:0.000000s ]
INFO: [ view_parse ] --START--
INFO: [ template_filter ] --START--
INFO: Run Behavior\ContentReplaceBehavior [ RunTime:0.000000s ]
INFO: [ template_filter ] --END-- [ RunTime:0.000000s ]
NOTIC: [8] Undefined variable: title D:\www\FanHeo\Application\Runtime\Cache\Home\881a7b891178d5fa848a6c692b871130.php 第 10 行.
NOTIC: [8] Undefined variable: stitle D:\www\FanHeo\Application\Runtime\Cache\Home\881a7b891178d5fa848a6c692b871130.php 第 107 行.
INFO: Run Behavior\ParseTemplateBehavior [ RunTime:0.013001s ]
INFO: [ view_parse ] --END-- [ RunTime:0.013001s ]
INFO: [ view_filter ] --START--
INFO: Run Behavior\WriteHtmlCacheBehavior [ RunTime:0.000000s ]
INFO: [ view_filter ] --END-- [ RunTime:0.000000s ]
INFO: [ app_end ] --START--
INFO: Run Behavior\ShowPageTraceBehavior [ RunTime:0.001000s ]
INFO: [ app_end ] --END-- [ RunTime:0.001000s ]

[ 2014-07-04T09:47:43+08:00 ] ::1 /FanHeo/index.php/Home/UCenter/fanhetalk.html
INFO: [ app_init ] --START--
INFO: Run Behavior\BuildLiteBehavior [ RunTime:0.000000s ]
INFO: [ app_init ] --END-- [ RunTime:0.001000s ]
INFO: [ app_begin ] --START--
INFO: Run Behavior\ReadHtmlCacheBehavior [ RunTime:0.001000s ]
INFO: [ app_begin ] --END-- [ RunTime:0.001000s ]
SQL: SHOW COLUMNS FROM `fanheo_talk` [ RunTime:0.002001s ]
SQL: SELECT * FROM `fanheo_talk` WHERE ( `user_id` = 6 ) ORDER BY id desc  [ RunTime:0.000000s ]
INFO: [ view_parse ] --START--
INFO: [ template_filter ] --START--
INFO: Run Behavior\ContentReplaceBehavior [ RunTime:0.000000s ]
INFO: [ template_filter ] --END-- [ RunTime:0.000000s ]
NOTIC: [8] Undefined variable: m D:\www\FanHeo\Application\Runtime\Cache\Home\10cbe9f3f81721599f4e69fe15f6733d.php 第 159 行.
INFO: Run Behavior\ParseTemplateBehavior [ RunTime:0.010000s ]
INFO: [ view_parse ] --END-- [ RunTime:0.010000s ]
INFO: [ view_filter ] --START--
INFO: Run Behavior\WriteHtmlCacheBehavior [ RunTime:0.000000s ]
INFO: [ view_filter ] --END-- [ RunTime:0.000000s ]
INFO: [ app_end ] --START--
INFO: Run Behavior\ShowPageTraceBehavior [ RunTime:0.001000s ]
INFO: [ app_end ] --END-- [ RunTime:0.001000s ]

[ 2014-07-04T09:47:45+08:00 ] ::1 /FanHeo/index.php/Home/UCenter/talks.html
INFO: [ app_init ] --START--
INFO: Run Behavior\BuildLiteBehavior [ RunTime:0.000000s ]
INFO: [ app_init ] --END-- [ RunTime:0.001000s ]
INFO: [ app_begin ] --START--
INFO: Run Behavior\ReadHtmlCacheBehavior [ RunTime:0.000000s ]
INFO: [ app_begin ] --END-- [ RunTime:0.000000s ]
SQL: SHOW COLUMNS FROM `fanheo_talk` [ RunTime:0.003001s ]
SQL: SELECT * FROM `fanheo_talk` ORDER BY id desc  [ RunTime:0.000000s ]
SQL: SHOW COLUMNS FROM `fanheo_user` [ RunTime:0.002000s ]
SQL: SELECT * FROM `fanheo_user` WHERE ( 1=1 AND id='5' ) LIMIT 1   [ RunTime:0.001000s ]
SQL: SELECT * FROM `fanheo_user` WHERE ( 1=1 AND id='5' ) LIMIT 1   [ RunTime:0.000000s ]
SQL: SELECT * FROM `fanheo_user` WHERE ( 1=1 AND id='8' ) LIMIT 1   [ RunTime:0.000000s ]
SQL: SELECT * FROM `fanheo_user` WHERE ( 1=1 AND id='8' ) LIMIT 1   [ RunTime:0.001000s ]
SQL: SELECT * FROM `fanheo_user` WHERE ( 1=1 AND id='8' ) LIMIT 1   [ RunTime:0.000000s ]
SQL: SELECT * FROM `fanheo_user` WHERE ( 1=1 AND id='2' ) LIMIT 1   [ RunTime:0.000000s ]
SQL: SELECT * FROM `fanheo_user` WHERE ( 1=1 AND id='2' ) LIMIT 1   [ RunTime:0.001000s ]
SQL: SELECT * FROM `fanheo_user` WHERE ( 1=1 AND id='2' ) LIMIT 1   [ RunTime:0.000000s ]
SQL: SELECT * FROM `fanheo_user` WHERE ( 1=1 AND id='2' ) LIMIT 1   [ RunTime:0.000000s ]
SQL: SELECT * FROM `fanheo_user` WHERE ( 1=1 AND id='2' ) LIMIT 1   [ RunTime:0.001000s ]
SQL: SELECT * FROM `fanheo_user` WHERE ( 1=1 AND id='6' ) LIMIT 1   [ RunTime:0.000000s ]
SQL: SELECT * FROM `fanheo_user` WHERE ( 1=1 AND id='6' ) LIMIT 1   [ RunTime:0.000000s ]
SQL: SELECT * FROM `fanheo_user` WHERE ( 1=1 AND id='6' ) LIMIT 1   [ RunTime:0.000000s ]
SQL: SELECT * FROM `fanheo_user` WHERE ( 1=1 AND id='6' ) LIMIT 1   [ RunTime:0.000000s ]
SQL: SELECT * FROM `fanheo_user` WHERE ( 1=1 AND id='6' ) LIMIT 1   [ RunTime:0.000000s ]
SQL: SELECT * FROM `fanheo_user` WHERE ( 1=1 AND id='6' ) LIMIT 1   [ RunTime:0.000000s ]
SQL: SELECT * FROM `fanheo_user` WHERE ( 1=1 AND id='6' ) LIMIT 1   [ RunTime:0.000000s ]
SQL: SELECT * FROM `fanheo_user` WHERE ( 1=1 AND id='6' ) LIMIT 1   [ RunTime:0.000000s ]
SQL: SELECT * FROM `fanheo_user` WHERE ( 1=1 AND id='6' ) LIMIT 1   [ RunTime:0.001000s ]
SQL: SELECT * FROM `fanheo_user` WHERE ( 1=1 AND id='6' ) LIMIT 1   [ RunTime:0.000000s ]
SQL: SELECT * FROM `fanheo_user` WHERE ( 1=1 AND id='6' ) LIMIT 1   [ RunTime:0.000000s ]
SQL: SELECT * FROM `fanheo_user` WHERE ( 1=1 AND id='6' ) LIMIT 1   [ RunTime:0.000000s ]
SQL: SELECT * FROM `fanheo_user` WHERE ( 1=1 AND id='6' ) LIMIT 1   [ RunTime:0.000000s ]
SQL: SELECT * FROM `fanheo_user` WHERE ( 1=1 AND id='6' ) LIMIT 1   [ RunTime:0.000000s ]
INFO: [ view_parse ] --START--
INFO: [ template_filter ] --START--
INFO: Run Behavior\ContentReplaceBehavior [ RunTime:0.000000s ]
INFO: [ template_filter ] --END-- [ RunTime:0.000000s ]
NOTIC: [8] Undefined variable: title D:\www\FanHeo\Application\Runtime\Cache\Home\881a7b891178d5fa848a6c692b871130.php 第 10 行.
NOTIC: [8] Undefined variable: stitle D:\www\FanHeo\Application\Runtime\Cache\Home\881a7b891178d5fa848a6c692b871130.php 第 107 行.
INFO: Run Behavior\ParseTemplateBehavior [ RunTime:0.011001s ]
INFO: [ view_parse ] --END-- [ RunTime:0.011001s ]
INFO: [ view_filter ] --START--
INFO: Run Behavior\WriteHtmlCacheBehavior [ RunTime:0.000000s ]
INFO: [ view_filter ] --END-- [ RunTime:0.000000s ]
INFO: [ app_end ] --START--
INFO: Run Behavior\ShowPageTraceBehavior [ RunTime:0.000000s ]
INFO: [ app_end ] --END-- [ RunTime:0.001000s ]

[ 2014-07-04T09:47:48+08:00 ] ::1 /FanHeo/index.php/Home/UCenter/fanhetalk.html
INFO: [ app_init ] --START--
INFO: Run Behavior\BuildLiteBehavior [ RunTime:0.000000s ]
INFO: [ app_init ] --END-- [ RunTime:0.000000s ]
INFO: [ app_begin ] --START--
INFO: Run Behavior\ReadHtmlCacheBehavior [ RunTime:0.000000s ]
INFO: [ app_begin ] --END-- [ RunTime:0.000000s ]
SQL: SHOW COLUMNS FROM `fanheo_talk` [ RunTime:0.003000s ]
SQL: SELECT * FROM `fanheo_talk` WHERE ( `user_id` = 6 ) ORDER BY id desc  [ RunTime:0.000000s ]
INFO: [ view_parse ] --START--
INFO: [ template_filter ] --START--
INFO: Run Behavior\ContentReplaceBehavior [ RunTime:0.000000s ]
INFO: [ template_filter ] --END-- [ RunTime:0.000000s ]
NOTIC: [8] Undefined variable: m D:\www\FanHeo\Application\Runtime\Cache\Home\10cbe9f3f81721599f4e69fe15f6733d.php 第 159 行.
INFO: Run Behavior\ParseTemplateBehavior [ RunTime:0.019001s ]
INFO: [ view_parse ] --END-- [ RunTime:0.019001s ]
INFO: [ view_filter ] --START--
INFO: Run Behavior\WriteHtmlCacheBehavior [ RunTime:0.001000s ]
INFO: [ view_filter ] --END-- [ RunTime:0.001000s ]
INFO: [ app_end ] --START--
INFO: Run Behavior\ShowPageTraceBehavior [ RunTime:0.001000s ]
INFO: [ app_end ] --END-- [ RunTime:0.001000s ]

[ 2014-07-04T09:47:56+08:00 ] ::1 /FanHeo/index.php/Home/UCenter/send_talk.html
INFO: [ app_init ] --START--
INFO: Run Behavior\BuildLiteBehavior [ RunTime:0.000000s ]
INFO: [ app_init ] --END-- [ RunTime:0.001000s ]
INFO: [ app_begin ] --START--
INFO: Run Behavior\ReadHtmlCacheBehavior [ RunTime:0.000000s ]
INFO: [ app_begin ] --END-- [ RunTime:0.001000s ]
SQL: SHOW COLUMNS FROM `fanheo_talk` [ RunTime:0.003000s ]
SQL: INSERT INTO `fanheo_talk` (`user_id`,`content`,`time`) VALUES (6,'hello','2014-07-04 09:47:55') [ RunTime:0.031002s ]

[ 2014-07-04T09:48:01+08:00 ] ::1 /FanHeo/index.php/Home/UCenter/talks.html
INFO: [ app_init ] --START--
INFO: Run Behavior\BuildLiteBehavior [ RunTime:0.000000s ]
INFO: [ app_init ] --END-- [ RunTime:0.001000s ]
INFO: [ app_begin ] --START--
INFO: Run Behavior\ReadHtmlCacheBehavior [ RunTime:0.001000s ]
INFO: [ app_begin ] --END-- [ RunTime:0.001000s ]
SQL: SHOW COLUMNS FROM `fanheo_talk` [ RunTime:0.005000s ]
SQL: SELECT * FROM `fanheo_talk` ORDER BY id desc  [ RunTime:0.001000s ]
SQL: SHOW COLUMNS FROM `fanheo_user` [ RunTime:0.004000s ]
SQL: SELECT * FROM `fanheo_user` WHERE ( 1=1 AND id='6' ) LIMIT 1   [ RunTime:0.000000s ]
SQL: SELECT * FROM `fanheo_user` WHERE ( 1=1 AND id='5' ) LIMIT 1   [ RunTime:0.000000s ]
SQL: SELECT * FROM `fanheo_user` WHERE ( 1=1 AND id='5' ) LIMIT 1   [ RunTime:0.001000s ]
SQL: SELECT * FROM `fanheo_user` WHERE ( 1=1 AND id='8' ) LIMIT 1   [ RunTime:0.001001s ]
SQL: SELECT * FROM `fanheo_user` WHERE ( 1=1 AND id='8' ) LIMIT 1   [ RunTime:0.000000s ]
SQL: SELECT * FROM `fanheo_user` WHERE ( 1=1 AND id='8' ) LIMIT 1   [ RunTime:0.000000s ]
SQL: SELECT * FROM `fanheo_user` WHERE ( 1=1 AND id='2' ) LIMIT 1   [ RunTime:0.000000s ]
SQL: SELECT * FROM `fanheo_user` WHERE ( 1=1 AND id='2' ) LIMIT 1   [ RunTime:0.000000s ]
SQL: SELECT * FROM `fanheo_user` WHERE ( 1=1 AND id='2' ) LIMIT 1   [ RunTime:0.000000s ]
SQL: SELECT * FROM `fanheo_user` WHERE ( 1=1 AND id='2' ) LIMIT 1   [ RunTime:0.000000s ]
SQL: SELECT * FROM `fanheo_user` WHERE ( 1=1 AND id='2' ) LIMIT 1   [ RunTime:0.001000s ]
SQL: SELECT * FROM `fanheo_user` WHERE ( 1=1 AND id='6' ) LIMIT 1   [ RunTime:0.001000s ]
SQL: SELECT * FROM `fanheo_user` WHERE ( 1=1 AND id='6' ) LIMIT 1   [ RunTime:0.001000s ]
SQL: SELECT * FROM `fanheo_user` WHERE ( 1=1 AND id='6' ) LIMIT 1   [ RunTime:0.001000s ]
SQL: SELECT * FROM `fanheo_user` WHERE ( 1=1 AND id='6' ) LIMIT 1   [ RunTime:0.001000s ]
SQL: SELECT * FROM `fanheo_user` WHERE ( 1=1 AND id='6' ) LIMIT 1   [ RunTime:0.002000s ]
SQL: SELECT * FROM `fanheo_user` WHERE ( 1=1 AND id='6' ) LIMIT 1   [ RunTime:0.001000s ]
SQL: SELECT * FROM `fanheo_user` WHERE ( 1=1 AND id='6' ) LIMIT 1   [ RunTime:0.001000s ]
SQL: SELECT * FROM `fanheo_user` WHERE ( 1=1 AND id='6' ) LIMIT 1   [ RunTime:0.000000s ]
SQL: SELECT * FROM `fanheo_user` WHERE ( 1=1 AND id='6' ) LIMIT 1   [ RunTime:0.000000s ]
SQL: SELECT * FROM `fanheo_user` WHERE ( 1=1 AND id='6' ) LIMIT 1   [ RunTime:0.000000s ]
SQL: SELECT * FROM `fanheo_user` WHERE ( 1=1 AND id='6' ) LIMIT 1   [ RunTime:0.001000s ]
SQL: SELECT * FROM `fanheo_user` WHERE ( 1=1 AND id='6' ) LIMIT 1   [ RunTime:0.000000s ]
SQL: SELECT * FROM `fanheo_user` WHERE ( 1=1 AND id='6' ) LIMIT 1   [ RunTime:0.000000s ]
SQL: SELECT * FROM `fanheo_user` WHERE ( 1=1 AND id='6' ) LIMIT 1   [ RunTime:0.000000s ]
INFO: [ view_parse ] --START--
INFO: [ template_filter ] --START--
INFO: Run Behavior\ContentReplaceBehavior [ RunTime:0.000000s ]
INFO: [ template_filter ] --END-- [ RunTime:0.000000s ]
NOTIC: [8] Undefined variable: title D:\www\FanHeo\Application\Runtime\Cache\Home\881a7b891178d5fa848a6c692b871130.php 第 10 行.
NOTIC: [8] Undefined variable: stitle D:\www\FanHeo\Application\Runtime\Cache\Home\881a7b891178d5fa848a6c692b871130.php 第 107 行.
INFO: Run Behavior\ParseTemplateBehavior [ RunTime:0.016001s ]
INFO: [ view_parse ] --END-- [ RunTime:0.016001s ]
INFO: [ view_filter ] --START--
INFO: Run Behavior\WriteHtmlCacheBehavior [ RunTime:0.000000s ]
INFO: [ view_filter ] --END-- [ RunTime:0.000000s ]
INFO: [ app_end ] --START--
INFO: Run Behavior\ShowPageTraceBehavior [ RunTime:0.001000s ]
INFO: [ app_end ] --END-- [ RunTime:0.001000s ]

[ 2014-07-04T09:57:44+08:00 ] ::1 /FanHeo/index.php/Home/UCenter/talks.html
INFO: [ app_init ] --START--
INFO: Run Behavior\BuildLiteBehavior [ RunTime:0.000000s ]
INFO: [ app_init ] --END-- [ RunTime:0.000000s ]
INFO: [ app_begin ] --START--
INFO: Run Behavior\ReadHtmlCacheBehavior [ RunTime:0.001000s ]
INFO: [ app_begin ] --END-- [ RunTime:0.001000s ]
SQL: SHOW COLUMNS FROM `fanheo_talk` [ RunTime:0.002000s ]
SQL: SELECT * FROM `fanheo_talk` ORDER BY id desc  [ RunTime:0.000000s ]
SQL: SHOW COLUMNS FROM `fanheo_user` [ RunTime:0.002001s ]
SQL: SELECT * FROM `fanheo_user` WHERE ( 1=1 AND id='6' ) LIMIT 1   [ RunTime:0.000000s ]
SQL: SELECT * FROM `fanheo_user` WHERE ( 1=1 AND id='5' ) LIMIT 1   [ RunTime:0.001000s ]
SQL: SELECT * FROM `fanheo_user` WHERE ( 1=1 AND id='5' ) LIMIT 1   [ RunTime:0.000000s ]
SQL: SELECT * FROM `fanheo_user` WHERE ( 1=1 AND id='8' ) LIMIT 1   [ RunTime:0.000000s ]
SQL: SELECT * FROM `fanheo_user` WHERE ( 1=1 AND id='8' ) LIMIT 1   [ RunTime:0.000000s ]
SQL: SELECT * FROM `fanheo_user` WHERE ( 1=1 AND id='8' ) LIMIT 1   [ RunTime:0.000000s ]
SQL: SELECT * FROM `fanheo_user` WHERE ( 1=1 AND id='2' ) LIMIT 1   [ RunTime:0.001000s ]
SQL: SELECT * FROM `fanheo_user` WHERE ( 1=1 AND id='2' ) LIMIT 1   [ RunTime:0.000000s ]
SQL: SELECT * FROM `fanheo_user` WHERE ( 1=1 AND id='2' ) LIMIT 1   [ RunTime:0.000000s ]
SQL: SELECT * FROM `fanheo_user` WHERE ( 1=1 AND id='2' ) LIMIT 1   [ RunTime:0.000000s ]
SQL: SELECT * FROM `fanheo_user` WHERE ( 1=1 AND id='2' ) LIMIT 1   [ RunTime:0.000000s ]
SQL: SELECT * FROM `fanheo_user` WHERE ( 1=1 AND id='6' ) LIMIT 1   [ RunTime:0.000000s ]
SQL: SELECT * FROM `fanheo_user` WHERE ( 1=1 AND id='6' ) LIMIT 1   [ RunTime:0.000000s ]
SQL: SELECT * FROM `fanheo_user` WHERE ( 1=1 AND id='6' ) LIMIT 1   [ RunTime:0.001000s ]
SQL: SELECT * FROM `fanheo_user` WHERE ( 1=1 AND id='6' ) LIMIT 1   [ RunTime:0.000000s ]
SQL: SELECT * FROM `fanheo_user` WHERE ( 1=1 AND id='6' ) LIMIT 1   [ RunTime:0.001000s ]
SQL: SELECT * FROM `fanheo_user` WHERE ( 1=1 AND id='6' ) LIMIT 1   [ RunTime:0.000000s ]
SQL: SELECT * FROM `fanheo_user` WHERE ( 1=1 AND id='6' ) LIMIT 1   [ RunTime:0.001000s ]
SQL: SELECT * FROM `fanheo_user` WHERE ( 1=1 AND id='6' ) LIMIT 1   [ RunTime:0.001000s ]
SQL: SELECT * FROM `fanheo_user` WHERE ( 1=1 AND id='6' ) LIMIT 1   [ RunTime:0.000000s ]
SQL: SELECT * FROM `fanheo_user` WHERE ( 1=1 AND id='6' ) LIMIT 1   [ RunTime:0.001000s ]
SQL: SELECT * FROM `fanheo_user` WHERE ( 1=1 AND id='6' ) LIMIT 1   [ RunTime:0.000000s ]
SQL: SELECT * FROM `fanheo_user` WHERE ( 1=1 AND id='6' ) LIMIT 1   [ RunTime:0.000000s ]
SQL: SELECT * FROM `fanheo_user` WHERE ( 1=1 AND id='6' ) LIMIT 1   [ RunTime:0.001000s ]
SQL: SELECT * FROM `fanheo_user` WHERE ( 1=1 AND id='6' ) LIMIT 1   [ RunTime:0.000000s ]
INFO: [ view_parse ] --START--
INFO: [ template_filter ] --START--
INFO: Run Behavior\ContentReplaceBehavior [ RunTime:0.000000s ]
INFO: [ template_filter ] --END-- [ RunTime:0.000000s ]
NOTIC: [8] Undefined variable: title D:\www\FanHeo\Application\Runtime\Cache\Home\881a7b891178d5fa848a6c692b871130.php 第 10 行.
NOTIC: [8] Undefined variable: stitle D:\www\FanHeo\Application\Runtime\Cache\Home\881a7b891178d5fa848a6c692b871130.php 第 107 行.
INFO: Run Behavior\ParseTemplateBehavior [ RunTime:0.072004s ]
INFO: [ view_parse ] --END-- [ RunTime:0.072004s ]
INFO: [ view_filter ] --START--
INFO: Run Behavior\WriteHtmlCacheBehavior [ RunTime:0.000000s ]
INFO: [ view_filter ] --END-- [ RunTime:0.000000s ]
INFO: [ app_end ] --START--
INFO: Run Behavior\ShowPageTraceBehavior [ RunTime:0.000000s ]
INFO: [ app_end ] --END-- [ RunTime:0.000000s ]

[ 2014-07-04T09:57:47+08:00 ] ::1 /FanHeo/index.php/Home/UCenter/talks.html
INFO: [ app_init ] --START--
INFO: Run Behavior\BuildLiteBehavior [ RunTime:0.000000s ]
INFO: [ app_init ] --END-- [ RunTime:0.001000s ]
INFO: [ app_begin ] --START--
INFO: Run Behavior\ReadHtmlCacheBehavior [ RunTime:0.001000s ]
INFO: [ app_begin ] --END-- [ RunTime:0.001000s ]
SQL: SHOW COLUMNS FROM `fanheo_talk` [ RunTime:0.005001s ]
SQL: SELECT * FROM `fanheo_talk` ORDER BY id desc  [ RunTime:0.002000s ]
SQL: SHOW COLUMNS FROM `fanheo_user` [ RunTime:0.005000s ]
SQL: SELECT * FROM `fanheo_user` WHERE ( 1=1 AND id='6' ) LIMIT 1   [ RunTime:0.001000s ]
SQL: SELECT * FROM `fanheo_user` WHERE ( 1=1 AND id='5' ) LIMIT 1   [ RunTime:0.000000s ]
SQL: SELECT * FROM `fanheo_user` WHERE ( 1=1 AND id='5' ) LIMIT 1   [ RunTime:0.000000s ]
SQL: SELECT * FROM `fanheo_user` WHERE ( 1=1 AND id='8' ) LIMIT 1   [ RunTime:0.000000s ]
SQL: SELECT * FROM `fanheo_user` WHERE ( 1=1 AND id='8' ) LIMIT 1   [ RunTime:0.000000s ]
SQL: SELECT * FROM `fanheo_user` WHERE ( 1=1 AND id='8' ) LIMIT 1   [ RunTime:0.001000s ]
SQL: SELECT * FROM `fanheo_user` WHERE ( 1=1 AND id='2' ) LIMIT 1   [ RunTime:0.000000s ]
SQL: SELECT * FROM `fanheo_user` WHERE ( 1=1 AND id='2' ) LIMIT 1   [ RunTime:0.000000s ]
SQL: SELECT * FROM `fanheo_user` WHERE ( 1=1 AND id='2' ) LIMIT 1   [ RunTime:0.001000s ]
SQL: SELECT * FROM `fanheo_user` WHERE ( 1=1 AND id='2' ) LIMIT 1   [ RunTime:0.000000s ]
SQL: SELECT * FROM `fanheo_user` WHERE ( 1=1 AND id='2' ) LIMIT 1   [ RunTime:0.000000s ]
SQL: SELECT * FROM `fanheo_user` WHERE ( 1=1 AND id='6' ) LIMIT 1   [ RunTime:0.000000s ]
SQL: SELECT * FROM `fanheo_user` WHERE ( 1=1 AND id='6' ) LIMIT 1   [ RunTime:0.000000s ]
SQL: SELECT * FROM `fanheo_user` WHERE ( 1=1 AND id='6' ) LIMIT 1   [ RunTime:0.000000s ]
SQL: SELECT * FROM `fanheo_user` WHERE ( 1=1 AND id='6' ) LIMIT 1   [ RunTime:0.000000s ]
SQL: SELECT * FROM `fanheo_user` WHERE ( 1=1 AND id='6' ) LIMIT 1   [ RunTime:0.000000s ]
SQL: SELECT * FROM `fanheo_user` WHERE ( 1=1 AND id='6' ) LIMIT 1   [ RunTime:0.000000s ]
SQL: SELECT * FROM `fanheo_user` WHERE ( 1=1 AND id='6' ) LIMIT 1   [ RunTime:0.000000s ]
SQL: SELECT * FROM `fanheo_user` WHERE ( 1=1 AND id='6' ) LIMIT 1   [ RunTime:0.000000s ]
SQL: SELECT * FROM `fanheo_user` WHERE ( 1=1 AND id='6' ) LIMIT 1   [ RunTime:0.001000s ]
SQL: SELECT * FROM `fanheo_user` WHERE ( 1=1 AND id='6' ) LIMIT 1   [ RunTime:0.001000s ]
SQL: SELECT * FROM `fanheo_user` WHERE ( 1=1 AND id='6' ) LIMIT 1   [ RunTime:0.000000s ]
SQL: SELECT * FROM `fanheo_user` WHERE ( 1=1 AND id='6' ) LIMIT 1   [ RunTime:0.000000s ]
SQL: SELECT * FROM `fanheo_user` WHERE ( 1=1 AND id='6' ) LIMIT 1   [ RunTime:0.000000s ]
SQL: SELECT * FROM `fanheo_user` WHERE ( 1=1 AND id='6' ) LIMIT 1   [ RunTime:0.000000s ]
INFO: [ view_parse ] --START--
INFO: [ template_filter ] --START--
INFO: Run Behavior\ContentReplaceBehavior [ RunTime:0.000000s ]
INFO: [ template_filter ] --END-- [ RunTime:0.000000s ]
NOTIC: [8] Undefined variable: title D:\www\FanHeo\Application\Runtime\Cache\Home\881a7b891178d5fa848a6c692b871130.php 第 10 行.
NOTIC: [8] Undefined variable: stitle D:\www\FanHeo\Application\Runtime\Cache\Home\881a7b891178d5fa848a6c692b871130.php 第 107 行.
INFO: Run Behavior\ParseTemplateBehavior [ RunTime:0.009000s ]
INFO: [ view_parse ] --END-- [ RunTime:0.009000s ]
INFO: [ view_filter ] --START--
INFO: Run Behavior\WriteHtmlCacheBehavior [ RunTime:0.000000s ]
INFO: [ view_filter ] --END-- [ RunTime:0.000000s ]
INFO: [ app_end ] --START--
INFO: Run Behavior\ShowPageTraceBehavior [ RunTime:0.000000s ]
INFO: [ app_end ] --END-- [ RunTime:0.000000s ]

[ 2014-07-04T09:57:49+08:00 ] ::1 /FanHeo/index.php/Home/UCenter/fanhetalk.html
INFO: [ app_init ] --START--
INFO: Run Behavior\BuildLiteBehavior [ RunTime:0.000000s ]
INFO: [ app_init ] --END-- [ RunTime:0.000000s ]
INFO: [ app_begin ] --START--
INFO: Run Behavior\ReadHtmlCacheBehavior [ RunTime:0.001001s ]
INFO: [ app_begin ] --END-- [ RunTime:0.001001s ]
SQL: SHOW COLUMNS FROM `fanheo_talk` [ RunTime:0.002000s ]
SQL: SELECT * FROM `fanheo_talk` WHERE ( `user_id` = 6 ) ORDER BY id desc  [ RunTime:0.001001s ]
INFO: [ view_parse ] --START--
INFO: [ template_filter ] --START--
INFO: Run Behavior\ContentReplaceBehavior [ RunTime:0.000000s ]
INFO: [ template_filter ] --END-- [ RunTime:0.000000s ]
NOTIC: [8] Undefined variable: m D:\www\FanHeo\Application\Runtime\Cache\Home\10cbe9f3f81721599f4e69fe15f6733d.php 第 159 行.
INFO: Run Behavior\ParseTemplateBehavior [ RunTime:0.010000s ]
INFO: [ view_parse ] --END-- [ RunTime:0.010000s ]
INFO: [ view_filter ] --START--
INFO: Run Behavior\WriteHtmlCacheBehavior [ RunTime:0.000000s ]
INFO: [ view_filter ] --END-- [ RunTime:0.000000s ]
INFO: [ app_end ] --START--
INFO: Run Behavior\ShowPageTraceBehavior [ RunTime:0.001000s ]
INFO: [ app_end ] --END-- [ RunTime:0.001000s ]

[ 2014-07-04T09:57:55+08:00 ] ::1 /FanHeo/index.php/Home/UCenter/show_userinfomation.html
INFO: [ app_init ] --START--
INFO: Run Behavior\BuildLiteBehavior [ RunTime:0.000000s ]
INFO: [ app_init ] --END-- [ RunTime:0.001000s ]
INFO: [ app_begin ] --START--
INFO: Run Behavior\ReadHtmlCacheBehavior [ RunTime:0.000000s ]
INFO: [ app_begin ] --END-- [ RunTime:0.001000s ]
SQL: SHOW COLUMNS FROM `fanheo_member` [ RunTime:0.003000s ]
SQL: SELECT * FROM `fanheo_member` WHERE ( `user_id` = 6 )  [ RunTime:0.001000s ]
SQL: SHOW COLUMNS FROM `fanheo_user` [ RunTime:0.003000s ]
SQL: SELECT * FROM `fanheo_user` WHERE ( `id` = 6 )  [ RunTime:0.001000s ]
INFO: [ view_parse ] --START--
INFO: [ template_filter ] --START--
INFO: Run Behavior\ContentReplaceBehavior [ RunTime:0.001000s ]
INFO: [ template_filter ] --END-- [ RunTime:0.001000s ]
NOTIC: [8] Undefined variable: status D:\www\FanHeo\Application\Runtime\Cache\Home\22b1fd6e1a8f5753ecde30890c113b53.php 第 151 行.
NOTIC: [8] Undefined variable: status D:\www\FanHeo\Application\Runtime\Cache\Home\22b1fd6e1a8f5753ecde30890c113b53.php 第 154 行.
NOTIC: [8] Undefined variable: status D:\www\FanHeo\Application\Runtime\Cache\Home\22b1fd6e1a8f5753ecde30890c113b53.php 第 156 行.
NOTIC: [8] Undefined variable: status D:\www\FanHeo\Application\Runtime\Cache\Home\22b1fd6e1a8f5753ecde30890c113b53.php 第 158 行.
INFO: Run Behavior\ParseTemplateBehavior [ RunTime:0.076004s ]
INFO: [ view_parse ] --END-- [ RunTime:0.076004s ]
INFO: [ view_filter ] --START--
INFO: Run Behavior\WriteHtmlCacheBehavior [ RunTime:0.000000s ]
INFO: [ view_filter ] --END-- [ RunTime:0.000000s ]
INFO: [ app_end ] --START--
INFO: Run Behavior\ShowPageTraceBehavior [ RunTime:0.001000s ]
INFO: [ app_end ] --END-- [ RunTime:0.001000s ]

[ 2014-07-04T09:58:10+08:00 ] ::1 /FanHeo/index.php/Home/UCenter/show_userinfomation.html
INFO: [ app_init ] --START--
INFO: Run Behavior\BuildLiteBehavior [ RunTime:0.000000s ]
INFO: [ app_init ] --END-- [ RunTime:0.000000s ]
INFO: [ app_begin ] --START--
INFO: Run Behavior\ReadHtmlCacheBehavior [ RunTime:0.001000s ]
INFO: [ app_begin ] --END-- [ RunTime:0.001000s ]
SQL: SHOW COLUMNS FROM `fanheo_member` [ RunTime:0.002000s ]
SQL: SELECT * FROM `fanheo_member` WHERE ( `user_id` = 6 )  [ RunTime:0.001000s ]
SQL: SHOW COLUMNS FROM `fanheo_user` [ RunTime:0.001000s ]
SQL: SELECT * FROM `fanheo_user` WHERE ( `id` = 6 )  [ RunTime:0.000000s ]
INFO: [ view_parse ] --START--
INFO: [ template_filter ] --START--
INFO: Run Behavior\ContentReplaceBehavior [ RunTime:0.001000s ]
INFO: [ template_filter ] --END-- [ RunTime:0.001000s ]
NOTIC: [8] Undefined variable: status D:\www\FanHeo\Application\Runtime\Cache\Home\22b1fd6e1a8f5753ecde30890c113b53.php 第 151 行.
NOTIC: [8] Undefined variable: status D:\www\FanHeo\Application\Runtime\Cache\Home\22b1fd6e1a8f5753ecde30890c113b53.php 第 154 行.
NOTIC: [8] Undefined variable: status D:\www\FanHeo\Application\Runtime\Cache\Home\22b1fd6e1a8f5753ecde30890c113b53.php 第 156 行.
NOTIC: [8] Undefined variable: status D:\www\FanHeo\Application\Runtime\Cache\Home\22b1fd6e1a8f5753ecde30890c113b53.php 第 158 行.
INFO: Run Behavior\ParseTemplateBehavior [ RunTime:0.015001s ]
INFO: [ view_parse ] --END-- [ RunTime:0.015001s ]
INFO: [ view_filter ] --START--
INFO: Run Behavior\WriteHtmlCacheBehavior [ RunTime:0.000000s ]
INFO: [ view_filter ] --END-- [ RunTime:0.000000s ]
INFO: [ app_end ] --START--
INFO: Run Behavior\ShowPageTraceBehavior [ RunTime:0.001000s ]
INFO: [ app_end ] --END-- [ RunTime:0.001000s ]

[ 2014-07-04T09:58:14+08:00 ] ::1 /FanHeo/index.php/Home/UCenter/show_userinfomation.html
INFO: [ app_init ] --START--
INFO: Run Behavior\BuildLiteBehavior [ RunTime:0.000000s ]
INFO: [ app_init ] --END-- [ RunTime:0.001000s ]
INFO: [ app_begin ] --START--
INFO: Run Behavior\ReadHtmlCacheBehavior [ RunTime:0.001001s ]
INFO: [ app_begin ] --END-- [ RunTime:0.001001s ]
SQL: SHOW COLUMNS FROM `fanheo_member` [ RunTime:0.003000s ]
SQL: SELECT * FROM `fanheo_member` WHERE ( `user_id` = 6 )  [ RunTime:0.000000s ]
SQL: SHOW COLUMNS FROM `fanheo_user` [ RunTime:0.002000s ]
SQL: SELECT * FROM `fanheo_user` WHERE ( `id` = 6 )  [ RunTime:0.001000s ]
INFO: [ view_parse ] --START--
INFO: [ template_filter ] --START--
INFO: Run Behavior\ContentReplaceBehavior [ RunTime:0.000000s ]
INFO: [ template_filter ] --END-- [ RunTime:0.000000s ]
NOTIC: [8] Undefined variable: status D:\www\FanHeo\Application\Runtime\Cache\Home\22b1fd6e1a8f5753ecde30890c113b53.php 第 151 行.
NOTIC: [8] Undefined variable: status D:\www\FanHeo\Application\Runtime\Cache\Home\22b1fd6e1a8f5753ecde30890c113b53.php 第 154 行.
NOTIC: [8] Undefined variable: status D:\www\FanHeo\Application\Runtime\Cache\Home\22b1fd6e1a8f5753ecde30890c113b53.php 第 156 行.
NOTIC: [8] Undefined variable: status D:\www\FanHeo\Application\Runtime\Cache\Home\22b1fd6e1a8f5753ecde30890c113b53.php 第 158 行.
INFO: Run Behavior\ParseTemplateBehavior [ RunTime:0.014001s ]
INFO: [ view_parse ] --END-- [ RunTime:0.014001s ]
INFO: [ view_filter ] --START--
INFO: Run Behavior\WriteHtmlCacheBehavior [ RunTime:0.000000s ]
INFO: [ view_filter ] --END-- [ RunTime:0.000000s ]
INFO: [ app_end ] --START--
INFO: Run Behavior\ShowPageTraceBehavior [ RunTime:0.001000s ]
INFO: [ app_end ] --END-- [ RunTime:0.001000s ]

[ 2014-07-04T09:58:20+08:00 ] ::1 /FanHeo/index.php/Home/UCenter/show_userinfomation.html
INFO: [ app_init ] --START--
INFO: Run Behavior\BuildLiteBehavior [ RunTime:0.000000s ]
INFO: [ app_init ] --END-- [ RunTime:0.000000s ]
INFO: [ app_begin ] --START--
INFO: Run Behavior\ReadHtmlCacheBehavior [ RunTime:0.001001s ]
INFO: [ app_begin ] --END-- [ RunTime:0.001001s ]
SQL: SHOW COLUMNS FROM `fanheo_member` [ RunTime:0.004000s ]
SQL: SELECT * FROM `fanheo_member` WHERE ( `user_id` = 6 )  [ RunTime:0.000000s ]
SQL: SHOW COLUMNS FROM `fanheo_user` [ RunTime:0.002000s ]
SQL: SELECT * FROM `fanheo_user` WHERE ( `id` = 6 )  [ RunTime:0.000000s ]
INFO: [ view_parse ] --START--
INFO: [ template_filter ] --START--
INFO: Run Behavior\ContentReplaceBehavior [ RunTime:0.001000s ]
INFO: [ template_filter ] --END-- [ RunTime:0.001000s ]
NOTIC: [8] Undefined variable: status D:\www\FanHeo\Application\Runtime\Cache\Home\22b1fd6e1a8f5753ecde30890c113b53.php 第 151 行.
NOTIC: [8] Undefined variable: status D:\www\FanHeo\Application\Runtime\Cache\Home\22b1fd6e1a8f5753ecde30890c113b53.php 第 154 行.
NOTIC: [8] Undefined variable: status D:\www\FanHeo\Application\Runtime\Cache\Home\22b1fd6e1a8f5753ecde30890c113b53.php 第 156 行.
NOTIC: [8] Undefined variable: status D:\www\FanHeo\Application\Runtime\Cache\Home\22b1fd6e1a8f5753ecde30890c113b53.php 第 158 行.
INFO: Run Behavior\ParseTemplateBehavior [ RunTime:0.022001s ]
INFO: [ view_parse ] --END-- [ RunTime:0.022001s ]
INFO: [ view_filter ] --START--
INFO: Run Behavior\WriteHtmlCacheBehavior [ RunTime:0.000000s ]
INFO: [ view_filter ] --END-- [ RunTime:0.001000s ]
INFO: [ app_end ] --START--
INFO: Run Behavior\ShowPageTraceBehavior [ RunTime:0.000000s ]
INFO: [ app_end ] --END-- [ RunTime:0.001000s ]

