[ 2014-07-14T15:31:44+08:00 ] 127.0.0.1 /FanHeo/index.php/Home/Index/Index.html
INFO: [ app_init ] --START--
INFO: Run Behavior\BuildLiteBehavior [ RunTime:0.000000s ]
INFO: [ app_init ] --END-- [ RunTime:0.007000s ]
INFO: [ app_begin ] --START--
INFO: Run Behavior\ReadHtmlCacheBehavior [ RunTime:0.002001s ]
INFO: [ app_begin ] --END-- [ RunTime:0.002001s ]
INFO: [ view_parse ] --START--
INFO: [ template_filter ] --START--
INFO: Run Behavior\ContentReplaceBehavior [ RunTime:0.001000s ]
INFO: [ template_filter ] --END-- [ RunTime:0.001000s ]
INFO: Run Behavior\ParseTemplateBehavior [ RunTime:0.140008s ]
INFO: [ view_parse ] --END-- [ RunTime:0.140008s ]
INFO: [ view_filter ] --START--
INFO: Run Behavior\WriteHtmlCacheBehavior [ RunTime:0.001000s ]
INFO: [ view_filter ] --END-- [ RunTime:0.001000s ]
INFO: [ app_end ] --START--
INFO: Run Behavior\ShowPageTraceBehavior [ RunTime:0.001000s ]
INFO: [ app_end ] --END-- [ RunTime:0.002000s ]

[ 2014-07-14T15:31:45+08:00 ] 127.0.0.1 /FanHeo/index.php/Home/Login/verify.html
INFO: [ app_init ] --START--
INFO: Run Behavior\BuildLiteBehavior [ RunTime:0.000000s ]
INFO: [ app_init ] --END-- [ RunTime:0.001000s ]
INFO: [ app_begin ] --START--
INFO: Run Behavior\ReadHtmlCacheBehavior [ RunTime:0.000000s ]
INFO: [ app_begin ] --END-- [ RunTime:0.000000s ]
INFO: [ app_end ] --START--
INFO: Run Behavior\ShowPageTraceBehavior [ RunTime:0.001000s ]
INFO: [ app_end ] --END-- [ RunTime:0.001000s ]

[ 2014-07-14T15:31:48+08:00 ] 127.0.0.1 /FanHeo/index.php/Home/Index/Index.html
INFO: [ app_init ] --START--
INFO: Run Behavior\BuildLiteBehavior [ RunTime:0.000000s ]
INFO: [ app_init ] --END-- [ RunTime:0.000000s ]
INFO: [ app_begin ] --START--
INFO: Run Behavior\ReadHtmlCacheBehavior [ RunTime:0.000000s ]
INFO: [ app_begin ] --END-- [ RunTime:0.000000s ]
INFO: [ view_parse ] --START--
INFO: [ template_filter ] --START--
INFO: Run Behavior\ContentReplaceBehavior [ RunTime:0.000000s ]
INFO: [ template_filter ] --END-- [ RunTime:0.000000s ]
INFO: Run Behavior\ParseTemplateBehavior [ RunTime:0.026001s ]
INFO: [ view_parse ] --END-- [ RunTime:0.027001s ]
INFO: [ view_filter ] --START--
INFO: Run Behavior\WriteHtmlCacheBehavior [ RunTime:0.000000s ]
INFO: [ view_filter ] --END-- [ RunTime:0.000000s ]
INFO: [ app_end ] --START--
INFO: Run Behavior\ShowPageTraceBehavior [ RunTime:0.001000s ]
INFO: [ app_end ] --END-- [ RunTime:0.001000s ]

[ 2014-07-14T15:31:48+08:00 ] 127.0.0.1 /FanHeo/index.php/Home/Login/verify.html
INFO: [ app_init ] --START--
INFO: Run Behavior\BuildLiteBehavior [ RunTime:0.000000s ]
INFO: [ app_init ] --END-- [ RunTime:0.001000s ]
INFO: [ app_begin ] --START--
INFO: Run Behavior\ReadHtmlCacheBehavior [ RunTime:0.001000s ]
INFO: [ app_begin ] --END-- [ RunTime:0.001000s ]
INFO: [ app_end ] --START--
INFO: Run Behavior\ShowPageTraceBehavior [ RunTime:0.001000s ]
INFO: [ app_end ] --END-- [ RunTime:0.001000s ]

[ 2014-07-14T15:31:50+08:00 ] 127.0.0.1 /FanHeo/index.php/Home/UCenter/index.html
INFO: [ app_init ] --START--
INFO: Run Behavior\BuildLiteBehavior [ RunTime:0.000000s ]
INFO: [ app_init ] --END-- [ RunTime:0.000000s ]
INFO: [ app_begin ] --START--
INFO: Run Behavior\ReadHtmlCacheBehavior [ RunTime:0.000000s ]
INFO: [ app_begin ] --END-- [ RunTime:0.000000s ]
INFO: [ view_parse ] --START--
INFO: [ template_filter ] --START--
INFO: Run Behavior\ContentReplaceBehavior [ RunTime:0.000000s ]
INFO: [ template_filter ] --END-- [ RunTime:0.000000s ]
INFO: Run Behavior\ParseTemplateBehavior [ RunTime:0.043002s ]
INFO: [ view_parse ] --END-- [ RunTime:0.043002s ]
INFO: [ view_filter ] --START--
INFO: Run Behavior\WriteHtmlCacheBehavior [ RunTime:0.000000s ]
INFO: [ view_filter ] --END-- [ RunTime:0.000000s ]
INFO: [ app_end ] --START--
INFO: Run Behavior\ShowPageTraceBehavior [ RunTime:0.001000s ]
INFO: [ app_end ] --END-- [ RunTime:0.001000s ]

[ 2014-07-14T15:31:56+08:00 ] 127.0.0.1 /FanHeo/index.php/Home/UCenter/talks.html
INFO: [ app_init ] --START--
INFO: Run Behavior\BuildLiteBehavior [ RunTime:0.000000s ]
INFO: [ app_init ] --END-- [ RunTime:0.000000s ]
INFO: [ app_begin ] --START--
INFO: Run Behavior\ReadHtmlCacheBehavior [ RunTime:0.000000s ]
INFO: [ app_begin ] --END-- [ RunTime:0.000000s ]
SQL: SHOW COLUMNS FROM `fanheo_talk` [ RunTime:0.288017s ]
SQL: SELECT * FROM `fanheo_talk` ORDER BY id desc  [ RunTime:0.029002s ]
SQL: SHOW COLUMNS FROM `fanheo_user` [ RunTime:0.017001s ]
SQL: SELECT * FROM `fanheo_user` WHERE ( 1=1 AND id='6' ) LIMIT 1   [ RunTime:0.033001s ]
SQL: SELECT * FROM `fanheo_user` WHERE ( 1=1 AND id='5' ) LIMIT 1   [ RunTime:0.000000s ]
SQL: SELECT * FROM `fanheo_user` WHERE ( 1=1 AND id='5' ) LIMIT 1   [ RunTime:0.000000s ]
SQL: SELECT * FROM `fanheo_user` WHERE ( 1=1 AND id='8' ) LIMIT 1   [ RunTime:0.000000s ]
SQL: SELECT * FROM `fanheo_user` WHERE ( 1=1 AND id='8' ) LIMIT 1   [ RunTime:0.001001s ]
SQL: SELECT * FROM `fanheo_user` WHERE ( 1=1 AND id='8' ) LIMIT 1   [ RunTime:0.000000s ]
SQL: SELECT * FROM `fanheo_user` WHERE ( 1=1 AND id='2' ) LIMIT 1   [ RunTime:0.000000s ]
SQL: SELECT * FROM `fanheo_user` WHERE ( 1=1 AND id='2' ) LIMIT 1   [ RunTime:0.000000s ]
SQL: SELECT * FROM `fanheo_user` WHERE ( 1=1 AND id='2' ) LIMIT 1   [ RunTime:0.001000s ]
SQL: SELECT * FROM `fanheo_user` WHERE ( 1=1 AND id='2' ) LIMIT 1   [ RunTime:0.000000s ]
SQL: SELECT * FROM `fanheo_user` WHERE ( 1=1 AND id='2' ) LIMIT 1   [ RunTime:0.001000s ]
SQL: SELECT * FROM `fanheo_user` WHERE ( 1=1 AND id='6' ) LIMIT 1   [ RunTime:0.000000s ]
SQL: SELECT * FROM `fanheo_user` WHERE ( 1=1 AND id='6' ) LIMIT 1   [ RunTime:0.000000s ]
SQL: SELECT * FROM `fanheo_user` WHERE ( 1=1 AND id='6' ) LIMIT 1   [ RunTime:0.000000s ]
SQL: SELECT * FROM `fanheo_user` WHERE ( 1=1 AND id='6' ) LIMIT 1   [ RunTime:0.000000s ]
SQL: SELECT * FROM `fanheo_user` WHERE ( 1=1 AND id='6' ) LIMIT 1   [ RunTime:0.000000s ]
SQL: SELECT * FROM `fanheo_user` WHERE ( 1=1 AND id='6' ) LIMIT 1   [ RunTime:0.000000s ]
SQL: SELECT * FROM `fanheo_user` WHERE ( 1=1 AND id='6' ) LIMIT 1   [ RunTime:0.000000s ]
SQL: SELECT * FROM `fanheo_user` WHERE ( 1=1 AND id='6' ) LIMIT 1   [ RunTime:0.000000s ]
SQL: SELECT * FROM `fanheo_user` WHERE ( 1=1 AND id='6' ) LIMIT 1   [ RunTime:0.001000s ]
SQL: SELECT * FROM `fanheo_user` WHERE ( 1=1 AND id='6' ) LIMIT 1   [ RunTime:0.000000s ]
SQL: SELECT * FROM `fanheo_user` WHERE ( 1=1 AND id='6' ) LIMIT 1   [ RunTime:0.000000s ]
SQL: SELECT * FROM `fanheo_user` WHERE ( 1=1 AND id='6' ) LIMIT 1   [ RunTime:0.001000s ]
SQL: SELECT * FROM `fanheo_user` WHERE ( 1=1 AND id='6' ) LIMIT 1   [ RunTime:0.000000s ]
SQL: SELECT * FROM `fanheo_user` WHERE ( 1=1 AND id='6' ) LIMIT 1   [ RunTime:0.000000s ]
INFO: [ view_parse ] --START--
INFO: [ template_filter ] --START--
INFO: Run Behavior\ContentReplaceBehavior [ RunTime:0.000000s ]
INFO: [ template_filter ] --END-- [ RunTime:0.000000s ]
NOTIC: [8] Undefined variable: title D:\www\FanHeo\Application\Runtime\Cache\Home\881a7b891178d5fa848a6c692b871130.php 第 10 行.
NOTIC: [8] Undefined variable: stitle D:\www\FanHeo\Application\Runtime\Cache\Home\881a7b891178d5fa848a6c692b871130.php 第 107 行.
INFO: Run Behavior\ParseTemplateBehavior [ RunTime:0.034002s ]
INFO: [ view_parse ] --END-- [ RunTime:0.034002s ]
INFO: [ view_filter ] --START--
INFO: Run Behavior\WriteHtmlCacheBehavior [ RunTime:0.001000s ]
INFO: [ view_filter ] --END-- [ RunTime:0.001000s ]
INFO: [ app_end ] --START--
INFO: Run Behavior\ShowPageTraceBehavior [ RunTime:0.000000s ]
INFO: [ app_end ] --END-- [ RunTime:0.000000s ]

[ 2014-07-14T15:31:59+08:00 ] 127.0.0.1 /FanHeo/index.php/Home/UCenter/fanhetalk.html
INFO: [ app_init ] --START--
INFO: Run Behavior\BuildLiteBehavior [ RunTime:0.000000s ]
INFO: [ app_init ] --END-- [ RunTime:0.000000s ]
INFO: [ app_begin ] --START--
INFO: Run Behavior\ReadHtmlCacheBehavior [ RunTime:0.001000s ]
INFO: [ app_begin ] --END-- [ RunTime:0.001000s ]
SQL: SHOW COLUMNS FROM `fanheo_talk` [ RunTime:0.045003s ]
SQL: SELECT * FROM `fanheo_talk` WHERE ( `user_id` = 6 ) ORDER BY id desc  [ RunTime:0.000000s ]
INFO: [ view_parse ] --START--
INFO: [ template_filter ] --START--
INFO: Run Behavior\ContentReplaceBehavior [ RunTime:0.000000s ]
INFO: [ template_filter ] --END-- [ RunTime:0.000000s ]
NOTIC: [8] Undefined variable: m D:\www\FanHeo\Application\Runtime\Cache\Home\10cbe9f3f81721599f4e69fe15f6733d.php 第 159 行.
INFO: Run Behavior\ParseTemplateBehavior [ RunTime:0.025001s ]
INFO: [ view_parse ] --END-- [ RunTime:0.025001s ]
INFO: [ view_filter ] --START--
INFO: Run Behavior\WriteHtmlCacheBehavior [ RunTime:0.000000s ]
INFO: [ view_filter ] --END-- [ RunTime:0.000000s ]
INFO: [ app_end ] --START--
INFO: Run Behavior\ShowPageTraceBehavior [ RunTime:0.001000s ]
INFO: [ app_end ] --END-- [ RunTime:0.001000s ]

[ 2014-07-14T15:32:10+08:00 ] 127.0.0.1 /FanHeo/index.php/Home/UCenter/talks.html
INFO: [ app_init ] --START--
INFO: Run Behavior\BuildLiteBehavior [ RunTime:0.000000s ]
INFO: [ app_init ] --END-- [ RunTime:0.000000s ]
INFO: [ app_begin ] --START--
INFO: Run Behavior\ReadHtmlCacheBehavior [ RunTime:0.001000s ]
INFO: [ app_begin ] --END-- [ RunTime:0.001000s ]
SQL: SHOW COLUMNS FROM `fanheo_talk` [ RunTime:0.004000s ]
SQL: SELECT * FROM `fanheo_talk` ORDER BY id desc  [ RunTime:0.000000s ]
SQL: SHOW COLUMNS FROM `fanheo_user` [ RunTime:0.002000s ]
SQL: SELECT * FROM `fanheo_user` WHERE ( 1=1 AND id='6' ) LIMIT 1   [ RunTime:0.001000s ]
SQL: SELECT * FROM `fanheo_user` WHERE ( 1=1 AND id='5' ) LIMIT 1   [ RunTime:0.003001s ]
SQL: SELECT * FROM `fanheo_user` WHERE ( 1=1 AND id='5' ) LIMIT 1   [ RunTime:0.001000s ]
SQL: SELECT * FROM `fanheo_user` WHERE ( 1=1 AND id='8' ) LIMIT 1   [ RunTime:0.000000s ]
SQL: SELECT * FROM `fanheo_user` WHERE ( 1=1 AND id='8' ) LIMIT 1   [ RunTime:0.000000s ]
SQL: SELECT * FROM `fanheo_user` WHERE ( 1=1 AND id='8' ) LIMIT 1   [ RunTime:0.000000s ]
SQL: SELECT * FROM `fanheo_user` WHERE ( 1=1 AND id='2' ) LIMIT 1   [ RunTime:0.001000s ]
SQL: SELECT * FROM `fanheo_user` WHERE ( 1=1 AND id='2' ) LIMIT 1   [ RunTime:0.000000s ]
SQL: SELECT * FROM `fanheo_user` WHERE ( 1=1 AND id='2' ) LIMIT 1   [ RunTime:0.000000s ]
SQL: SELECT * FROM `fanheo_user` WHERE ( 1=1 AND id='2' ) LIMIT 1   [ RunTime:0.000000s ]
SQL: SELECT * FROM `fanheo_user` WHERE ( 1=1 AND id='2' ) LIMIT 1   [ RunTime:0.000000s ]
SQL: SELECT * FROM `fanheo_user` WHERE ( 1=1 AND id='6' ) LIMIT 1   [ RunTime:0.000000s ]
SQL: SELECT * FROM `fanheo_user` WHERE ( 1=1 AND id='6' ) LIMIT 1   [ RunTime:0.001000s ]
SQL: SELECT * FROM `fanheo_user` WHERE ( 1=1 AND id='6' ) LIMIT 1   [ RunTime:0.000000s ]
SQL: SELECT * FROM `fanheo_user` WHERE ( 1=1 AND id='6' ) LIMIT 1   [ RunTime:0.000000s ]
SQL: SELECT * FROM `fanheo_user` WHERE ( 1=1 AND id='6' ) LIMIT 1   [ RunTime:0.000000s ]
SQL: SELECT * FROM `fanheo_user` WHERE ( 1=1 AND id='6' ) LIMIT 1   [ RunTime:0.001000s ]
SQL: SELECT * FROM `fanheo_user` WHERE ( 1=1 AND id='6' ) LIMIT 1   [ RunTime:0.001000s ]
SQL: SELECT * FROM `fanheo_user` WHERE ( 1=1 AND id='6' ) LIMIT 1   [ RunTime:0.000000s ]
SQL: SELECT * FROM `fanheo_user` WHERE ( 1=1 AND id='6' ) LIMIT 1   [ RunTime:0.000000s ]
SQL: SELECT * FROM `fanheo_user` WHERE ( 1=1 AND id='6' ) LIMIT 1   [ RunTime:0.000000s ]
SQL: SELECT * FROM `fanheo_user` WHERE ( 1=1 AND id='6' ) LIMIT 1   [ RunTime:0.000000s ]
SQL: SELECT * FROM `fanheo_user` WHERE ( 1=1 AND id='6' ) LIMIT 1   [ RunTime:0.000000s ]
SQL: SELECT * FROM `fanheo_user` WHERE ( 1=1 AND id='6' ) LIMIT 1   [ RunTime:0.000000s ]
SQL: SELECT * FROM `fanheo_user` WHERE ( 1=1 AND id='6' ) LIMIT 1   [ RunTime:0.000000s ]
INFO: [ view_parse ] --START--
INFO: [ template_filter ] --START--
INFO: Run Behavior\ContentReplaceBehavior [ RunTime:0.001000s ]
INFO: [ template_filter ] --END-- [ RunTime:0.001000s ]
NOTIC: [8] Undefined variable: title D:\www\FanHeo\Application\Runtime\Cache\Home\881a7b891178d5fa848a6c692b871130.php 第 10 行.
NOTIC: [8] Undefined variable: stitle D:\www\FanHeo\Application\Runtime\Cache\Home\881a7b891178d5fa848a6c692b871130.php 第 107 行.
INFO: Run Behavior\ParseTemplateBehavior [ RunTime:0.024002s ]
INFO: [ view_parse ] --END-- [ RunTime:0.025002s ]
INFO: [ view_filter ] --START--
INFO: Run Behavior\WriteHtmlCacheBehavior [ RunTime:0.000000s ]
INFO: [ view_filter ] --END-- [ RunTime:0.000000s ]
INFO: [ app_end ] --START--
INFO: Run Behavior\ShowPageTraceBehavior [ RunTime:0.001000s ]
INFO: [ app_end ] --END-- [ RunTime:0.001000s ]

[ 2014-07-14T15:32:17+08:00 ] 127.0.0.1 /FanHeo/index.php/Home/UCenter/show_userinfomation.html
INFO: [ app_init ] --START--
INFO: Run Behavior\BuildLiteBehavior [ RunTime:0.000000s ]
INFO: [ app_init ] --END-- [ RunTime:0.000000s ]
INFO: [ app_begin ] --START--
INFO: Run Behavior\ReadHtmlCacheBehavior [ RunTime:0.000000s ]
INFO: [ app_begin ] --END-- [ RunTime:0.000000s ]
SQL: SHOW COLUMNS FROM `fanheo_member` [ RunTime:0.093005s ]
SQL: SELECT * FROM `fanheo_member` WHERE ( `user_id` = 6 )  [ RunTime:0.069004s ]
SQL: SHOW COLUMNS FROM `fanheo_user` [ RunTime:0.005001s ]
SQL: SELECT * FROM `fanheo_user` WHERE ( `id` = 6 )  [ RunTime:0.000000s ]
INFO: [ view_parse ] --START--
INFO: [ template_filter ] --START--
INFO: Run Behavior\ContentReplaceBehavior [ RunTime:0.000000s ]
INFO: [ template_filter ] --END-- [ RunTime:0.000000s ]
NOTIC: [8] Undefined variable: status D:\www\FanHeo\Application\Runtime\Cache\Home\22b1fd6e1a8f5753ecde30890c113b53.php 第 151 行.
NOTIC: [8] Undefined variable: status D:\www\FanHeo\Application\Runtime\Cache\Home\22b1fd6e1a8f5753ecde30890c113b53.php 第 154 行.
NOTIC: [8] Undefined variable: status D:\www\FanHeo\Application\Runtime\Cache\Home\22b1fd6e1a8f5753ecde30890c113b53.php 第 156 行.
NOTIC: [8] Undefined variable: status D:\www\FanHeo\Application\Runtime\Cache\Home\22b1fd6e1a8f5753ecde30890c113b53.php 第 158 行.
INFO: Run Behavior\ParseTemplateBehavior [ RunTime:0.038002s ]
INFO: [ view_parse ] --END-- [ RunTime:0.038002s ]
INFO: [ view_filter ] --START--
INFO: Run Behavior\WriteHtmlCacheBehavior [ RunTime:0.000000s ]
INFO: [ view_filter ] --END-- [ RunTime:0.000000s ]
INFO: [ app_end ] --START--
INFO: Run Behavior\ShowPageTraceBehavior [ RunTime:0.001000s ]
INFO: [ app_end ] --END-- [ RunTime:0.001000s ]

[ 2014-07-14T15:32:18+08:00 ] 127.0.0.1 /FanHeo/index.php/Home/UCenter/fanhetalk.html
INFO: [ app_init ] --START--
INFO: Run Behavior\BuildLiteBehavior [ RunTime:0.000000s ]
INFO: [ app_init ] --END-- [ RunTime:0.000000s ]
INFO: [ app_begin ] --START--
INFO: Run Behavior\ReadHtmlCacheBehavior [ RunTime:0.002000s ]
INFO: [ app_begin ] --END-- [ RunTime:0.002000s ]
SQL: SHOW COLUMNS FROM `fanheo_talk` [ RunTime:0.003001s ]
SQL: SELECT * FROM `fanheo_talk` WHERE ( `user_id` = 6 ) ORDER BY id desc  [ RunTime:0.000000s ]
INFO: [ view_parse ] --START--
INFO: [ template_filter ] --START--
INFO: Run Behavior\ContentReplaceBehavior [ RunTime:0.000000s ]
INFO: [ template_filter ] --END-- [ RunTime:0.000000s ]
NOTIC: [8] Undefined variable: m D:\www\FanHeo\Application\Runtime\Cache\Home\10cbe9f3f81721599f4e69fe15f6733d.php 第 159 行.
INFO: Run Behavior\ParseTemplateBehavior [ RunTime:0.010000s ]
INFO: [ view_parse ] --END-- [ RunTime:0.010000s ]
INFO: [ view_filter ] --START--
INFO: Run Behavior\WriteHtmlCacheBehavior [ RunTime:0.000000s ]
INFO: [ view_filter ] --END-- [ RunTime:0.000000s ]
INFO: [ app_end ] --START--
INFO: Run Behavior\ShowPageTraceBehavior [ RunTime:0.000000s ]
INFO: [ app_end ] --END-- [ RunTime:0.000000s ]

[ 2014-07-14T15:32:22+08:00 ] 127.0.0.1 /FanHeo/index.php/Home/UCenter/show_userinfomation.html
INFO: [ app_init ] --START--
INFO: Run Behavior\BuildLiteBehavior [ RunTime:0.000000s ]
INFO: [ app_init ] --END-- [ RunTime:0.001000s ]
INFO: [ app_begin ] --START--
INFO: Run Behavior\ReadHtmlCacheBehavior [ RunTime:0.001000s ]
INFO: [ app_begin ] --END-- [ RunTime:0.001000s ]
SQL: SHOW COLUMNS FROM `fanheo_member` [ RunTime:0.004001s ]
SQL: SELECT * FROM `fanheo_member` WHERE ( `user_id` = 6 )  [ RunTime:0.000000s ]
SQL: SHOW COLUMNS FROM `fanheo_user` [ RunTime:0.002000s ]
SQL: SELECT * FROM `fanheo_user` WHERE ( `id` = 6 )  [ RunTime:0.000000s ]
INFO: [ view_parse ] --START--
INFO: [ template_filter ] --START--
INFO: Run Behavior\ContentReplaceBehavior [ RunTime:0.000000s ]
INFO: [ template_filter ] --END-- [ RunTime:0.000000s ]
NOTIC: [8] Undefined variable: status D:\www\FanHeo\Application\Runtime\Cache\Home\22b1fd6e1a8f5753ecde30890c113b53.php 第 151 行.
NOTIC: [8] Undefined variable: status D:\www\FanHeo\Application\Runtime\Cache\Home\22b1fd6e1a8f5753ecde30890c113b53.php 第 154 行.
NOTIC: [8] Undefined variable: status D:\www\FanHeo\Application\Runtime\Cache\Home\22b1fd6e1a8f5753ecde30890c113b53.php 第 156 行.
NOTIC: [8] Undefined variable: status D:\www\FanHeo\Application\Runtime\Cache\Home\22b1fd6e1a8f5753ecde30890c113b53.php 第 158 行.
INFO: Run Behavior\ParseTemplateBehavior [ RunTime:0.013001s ]
INFO: [ view_parse ] --END-- [ RunTime:0.013001s ]
INFO: [ view_filter ] --START--
INFO: Run Behavior\WriteHtmlCacheBehavior [ RunTime:0.000000s ]
INFO: [ view_filter ] --END-- [ RunTime:0.000000s ]
INFO: [ app_end ] --START--
INFO: Run Behavior\ShowPageTraceBehavior [ RunTime:0.001000s ]
INFO: [ app_end ] --END-- [ RunTime:0.001000s ]

[ 2014-07-14T15:32:31+08:00 ] 127.0.0.1 /FanHeo/index.php/Home/Index/Index.html
INFO: [ app_init ] --START--
INFO: Run Behavior\BuildLiteBehavior [ RunTime:0.000000s ]
INFO: [ app_init ] --END-- [ RunTime:0.001000s ]
INFO: [ app_begin ] --START--
INFO: Run Behavior\ReadHtmlCacheBehavior [ RunTime:0.000000s ]
INFO: [ app_begin ] --END-- [ RunTime:0.000000s ]
INFO: [ view_parse ] --START--
INFO: [ template_filter ] --START--
INFO: Run Behavior\ContentReplaceBehavior [ RunTime:0.000000s ]
INFO: [ template_filter ] --END-- [ RunTime:0.000000s ]
INFO: Run Behavior\ParseTemplateBehavior [ RunTime:0.011001s ]
INFO: [ view_parse ] --END-- [ RunTime:0.012001s ]
INFO: [ view_filter ] --START--
INFO: Run Behavior\WriteHtmlCacheBehavior [ RunTime:0.000000s ]
INFO: [ view_filter ] --END-- [ RunTime:0.000000s ]
INFO: [ app_end ] --START--
INFO: Run Behavior\ShowPageTraceBehavior [ RunTime:0.001000s ]
INFO: [ app_end ] --END-- [ RunTime:0.001000s ]

[ 2014-07-14T15:32:31+08:00 ] 127.0.0.1 /FanHeo/index.php/Home/Login/verify.html
INFO: [ app_init ] --START--
INFO: Run Behavior\BuildLiteBehavior [ RunTime:0.000000s ]
INFO: [ app_init ] --END-- [ RunTime:0.001000s ]
INFO: [ app_begin ] --START--
INFO: Run Behavior\ReadHtmlCacheBehavior [ RunTime:0.000000s ]
INFO: [ app_begin ] --END-- [ RunTime:0.000000s ]
INFO: [ app_end ] --START--
INFO: Run Behavior\ShowPageTraceBehavior [ RunTime:0.001000s ]
INFO: [ app_end ] --END-- [ RunTime:0.001000s ]

[ 2014-07-14T15:32:37+08:00 ] 127.0.0.1 /FanHeo/index.php/Home/Index/Index.html
INFO: [ app_init ] --START--
INFO: Run Behavior\BuildLiteBehavior [ RunTime:0.000000s ]
INFO: [ app_init ] --END-- [ RunTime:0.000000s ]
INFO: [ app_begin ] --START--
INFO: Run Behavior\ReadHtmlCacheBehavior [ RunTime:0.001001s ]
INFO: [ app_begin ] --END-- [ RunTime:0.001001s ]
INFO: [ view_parse ] --START--
INFO: [ template_filter ] --START--
INFO: Run Behavior\ContentReplaceBehavior [ RunTime:0.000000s ]
INFO: [ template_filter ] --END-- [ RunTime:0.000000s ]
INFO: Run Behavior\ParseTemplateBehavior [ RunTime:0.011000s ]
INFO: [ view_parse ] --END-- [ RunTime:0.011000s ]
INFO: [ view_filter ] --START--
INFO: Run Behavior\WriteHtmlCacheBehavior [ RunTime:0.000000s ]
INFO: [ view_filter ] --END-- [ RunTime:0.000000s ]
INFO: [ app_end ] --START--
INFO: Run Behavior\ShowPageTraceBehavior [ RunTime:0.001000s ]
INFO: [ app_end ] --END-- [ RunTime:0.001000s ]

[ 2014-07-14T15:32:37+08:00 ] 127.0.0.1 /FanHeo/index.php/Home/Login/verify.html
INFO: [ app_init ] --START--
INFO: Run Behavior\BuildLiteBehavior [ RunTime:0.000000s ]
INFO: [ app_init ] --END-- [ RunTime:0.001000s ]
INFO: [ app_begin ] --START--
INFO: Run Behavior\ReadHtmlCacheBehavior [ RunTime:0.001000s ]
INFO: [ app_begin ] --END-- [ RunTime:0.001000s ]
INFO: [ app_end ] --START--
INFO: Run Behavior\ShowPageTraceBehavior [ RunTime:0.001000s ]
INFO: [ app_end ] --END-- [ RunTime:0.001000s ]

